*** Starting uWSGI 2.0.20 (64bit) on [Fri Oct 22 12:36:59 2021] ***
compiled with version: 9.3.0 on 13 October 2021 09:20:09
os: Linux-5.11.0-37-generic #41~20.04.2-Ubuntu SMP Fri Sep 24 09:06:38 UTC 2021
nodename: imwb01l20005a
machine: x86_64
clock source: unix
detected number of CPU cores: 1
current working directory: /home/alub01l20005a/webapps/now
detected binary path: /usr/local/bin/uwsgi
!!! no internal routing support, rebuild with pcre support !!!
*** WARNING: you are running uWSGI without its master process manager ***
your processes number limit is 15504
your memory page size is 4096 bytes
detected max file descriptor number: 1024
lock engine: pthread robust mutexes
thunder lock: disabled (you can enable it with --thunder-lock)
uwsgi socket 0 bound to TCP address :8081 fd 3
Python version: 3.8.10 (default, Sep 28 2021, 16:10:42)  [GCC 9.3.0]
PEP 405 virtualenv detected: /home/alub01l20005a/.local/share/virtualenvs/now-fybwlyIB
Set PythonHome to /home/alub01l20005a/.local/share/virtualenvs/now-fybwlyIB
*** Python threads support is disabled. You can enable it with --enable-threads ***
Python main interpreter initialized at 0x5617a01d56b0
your server socket listen backlog is limited to 100 connections
your mercy for graceful operations on workers is 60 seconds
mapped 72904 bytes (71 KB) for 1 cores
*** Operational MODE: single process ***
WSGI app 0 (mountpoint='') ready in 1 seconds on interpreter 0x5617a01d56b0 pid: 2964 (default app)
*** uWSGI is running in multiple interpreter mode ***
spawned uWSGI worker 1 (and the only) (pid: 2964, cores: 1)
*** Starting uWSGI 2.0.20 (64bit) on [Fri Oct 22 12:39:27 2021] ***
compiled with version: 9.3.0 on 13 October 2021 09:20:09
os: Linux-5.11.0-37-generic #41~20.04.2-Ubuntu SMP Fri Sep 24 09:06:38 UTC 2021
nodename: imwb01l20005a
machine: x86_64
clock source: unix
detected number of CPU cores: 1
current working directory: /home/alub01l20005a/webapps/now
detected binary path: /usr/local/bin/uwsgi
!!! no internal routing support, rebuild with pcre support !!!
*** WARNING: you are running uWSGI without its master process manager ***
your processes number limit is 15504
your memory page size is 4096 bytes
detected max file descriptor number: 1024
lock engine: pthread robust mutexes
thunder lock: disabled (you can enable it with --thunder-lock)
uwsgi socket 0 bound to TCP address :8081 fd 3
Python version: 3.8.10 (default, Sep 28 2021, 16:10:42)  [GCC 9.3.0]
PEP 405 virtualenv detected: /home/alub01l20005a/.local/share/virtualenvs/now-fybwlyIB
Set PythonHome to /home/alub01l20005a/.local/share/virtualenvs/now-fybwlyIB
*** Python threads support is disabled. You can enable it with --enable-threads ***
Python main interpreter initialized at 0x5596526986b0
your server socket listen backlog is limited to 100 connections
your mercy for graceful operations on workers is 60 seconds
mapped 72904 bytes (71 KB) for 1 cores
*** Operational MODE: single process ***
WSGI app 0 (mountpoint='') ready in 1 seconds on interpreter 0x5596526986b0 pid: 3068 (default app)
*** uWSGI is running in multiple interpreter mode ***
spawned uWSGI worker 1 (and the only) (pid: 3068, cores: 1)
*** Starting uWSGI 2.0.20 (64bit) on [Fri Oct 22 12:44:13 2021] ***
compiled with version: 9.3.0 on 13 October 2021 09:20:09
os: Linux-5.11.0-37-generic #41~20.04.2-Ubuntu SMP Fri Sep 24 09:06:38 UTC 2021
nodename: imwb01l20005a
machine: x86_64
clock source: unix
detected number of CPU cores: 1
current working directory: /home/alub01l20005a/webapps/now
detected binary path: /usr/local/bin/uwsgi
!!! no internal routing support, rebuild with pcre support !!!
*** WARNING: you are running uWSGI without its master process manager ***
your processes number limit is 15504
your memory page size is 4096 bytes
detected max file descriptor number: 1024
lock engine: pthread robust mutexes
thunder lock: disabled (you can enable it with --thunder-lock)
uwsgi socket 0 bound to TCP address :8081 fd 3
Python version: 3.8.10 (default, Sep 28 2021, 16:10:42)  [GCC 9.3.0]
PEP 405 virtualenv detected: /home/alub01l20005a/.local/share/virtualenvs/now-fybwlyIB
Set PythonHome to /home/alub01l20005a/.local/share/virtualenvs/now-fybwlyIB
*** Python threads support is disabled. You can enable it with --enable-threads ***
Python main interpreter initialized at 0x55a53033c6b0
your server socket listen backlog is limited to 100 connections
your mercy for graceful operations on workers is 60 seconds
mapped 72904 bytes (71 KB) for 1 cores
*** Operational MODE: single process ***
WSGI app 0 (mountpoint='') ready in 1 seconds on interpreter 0x55a53033c6b0 pid: 898 (default app)
*** uWSGI is running in multiple interpreter mode ***
spawned uWSGI worker 1 (and the only) (pid: 898, cores: 1)
[pid: 898|app: 0|req: 1/1] 172.19.27.155 () {42 vars in 755 bytes} [Fri Oct 22 12:47:36 2021] GET / => generated 131 bytes in 44 msecs (HTTP/1.1 200) 2 headers in 80 bytes (1 switches on core 0)
[pid: 898|app: 0|req: 2/2] 172.19.27.155 () {42 vars in 755 bytes} [Fri Oct 22 12:47:44 2021] GET / => generated 131 bytes in 0 msecs (HTTP/1.1 200) 2 headers in 80 bytes (1 switches on core 0)
*** Starting uWSGI 2.0.20 (64bit) on [Fri Oct 22 12:51:04 2021] ***
compiled with version: 9.3.0 on 13 October 2021 09:20:09
os: Linux-5.11.0-37-generic #41~20.04.2-Ubuntu SMP Fri Sep 24 09:06:38 UTC 2021
nodename: imwb01l20005a
machine: x86_64
clock source: unix
detected number of CPU cores: 1
current working directory: /home/alub01l20005a/webapps/now
detected binary path: /usr/local/bin/uwsgi
!!! no internal routing support, rebuild with pcre support !!!
*** WARNING: you are running uWSGI without its master process manager ***
your processes number limit is 15504
your memory page size is 4096 bytes
detected max file descriptor number: 1024
lock engine: pthread robust mutexes
thunder lock: disabled (you can enable it with --thunder-lock)
uwsgi socket 0 bound to TCP address :8081 fd 3
Python version: 3.8.10 (default, Sep 28 2021, 16:10:42)  [GCC 9.3.0]
PEP 405 virtualenv detected: /home/alub01l20005a/.local/share/virtualenvs/now-fybwlyIB
Set PythonHome to /home/alub01l20005a/.local/share/virtualenvs/now-fybwlyIB
*** Python threads support is disabled. You can enable it with --enable-threads ***
Python main interpreter initialized at 0x55c2d275e6b0
your server socket listen backlog is limited to 100 connections
your mercy for graceful operations on workers is 60 seconds
mapped 72904 bytes (71 KB) for 1 cores
*** Operational MODE: single process ***
WSGI app 0 (mountpoint='') ready in 0 seconds on interpreter 0x55c2d275e6b0 pid: 2699 (default app)
*** uWSGI is running in multiple interpreter mode ***
spawned uWSGI worker 1 (and the only) (pid: 2699, cores: 1)
*** Starting uWSGI 2.0.20 (64bit) on [Fri Oct 22 12:51:56 2021] ***
compiled with version: 9.3.0 on 13 October 2021 09:20:09
os: Linux-5.11.0-37-generic #41~20.04.2-Ubuntu SMP Fri Sep 24 09:06:38 UTC 2021
nodename: imwb01l20005a
machine: x86_64
clock source: unix
detected number of CPU cores: 1
current working directory: /home/alub01l20005a/webapps/now
detected binary path: /usr/local/bin/uwsgi
!!! no internal routing support, rebuild with pcre support !!!
*** WARNING: you are running uWSGI without its master process manager ***
your processes number limit is 15504
your memory page size is 4096 bytes
detected max file descriptor number: 1024
lock engine: pthread robust mutexes
thunder lock: disabled (you can enable it with --thunder-lock)
uwsgi socket 0 bound to TCP address :8081 fd 3
Python version: 3.8.10 (default, Sep 28 2021, 16:10:42)  [GCC 9.3.0]
PEP 405 virtualenv detected: /home/alub01l20005a/.local/share/virtualenvs/now-fybwlyIB
Set PythonHome to /home/alub01l20005a/.local/share/virtualenvs/now-fybwlyIB
*** Python threads support is disabled. You can enable it with --enable-threads ***
Python main interpreter initialized at 0x559e0119f6b0
your server socket listen backlog is limited to 100 connections
your mercy for graceful operations on workers is 60 seconds
mapped 72904 bytes (71 KB) for 1 cores
*** Operational MODE: single process ***
WSGI app 0 (mountpoint='') ready in 0 seconds on interpreter 0x559e0119f6b0 pid: 2709 (default app)
*** uWSGI is running in multiple interpreter mode ***
spawned uWSGI worker 1 (and the only) (pid: 2709, cores: 1)
[pid: 2709|app: 0|req: 1/1] 172.19.27.155 () {44 vars in 786 bytes} [Fri Oct 22 12:52:09 2021] GET / => generated 131 bytes in 19 msecs (HTTP/1.1 200) 2 headers in 80 bytes (1 switches on core 0)
*** Starting uWSGI 2.0.20 (64bit) on [Tue Nov  2 12:27:07 2021] ***
compiled with version: 9.3.0 on 13 October 2021 09:20:09
os: Linux-5.11.0-37-generic #41~20.04.2-Ubuntu SMP Fri Sep 24 09:06:38 UTC 2021
nodename: imwb01l20005a
machine: x86_64
clock source: unix
detected number of CPU cores: 1
current working directory: /home/alub01l20005a/webapps/now
detected binary path: /usr/local/bin/uwsgi
!!! no internal routing support, rebuild with pcre support !!!
*** WARNING: you are running uWSGI without its master process manager ***
your processes number limit is 15504
your memory page size is 4096 bytes
detected max file descriptor number: 1024
lock engine: pthread robust mutexes
thunder lock: disabled (you can enable it with --thunder-lock)
uwsgi socket 0 bound to TCP address :8081 fd 3
Python version: 3.8.10 (default, Sep 28 2021, 16:10:42)  [GCC 9.3.0]
PEP 405 virtualenv detected: /home/alub01l20005a/.local/share/virtualenvs/now-fybwlyIB
Set PythonHome to /home/alub01l20005a/.local/share/virtualenvs/now-fybwlyIB
*** Python threads support is disabled. You can enable it with --enable-threads ***
Python main interpreter initialized at 0x55dfad6dd6b0
your server socket listen backlog is limited to 100 connections
your mercy for graceful operations on workers is 60 seconds
mapped 72904 bytes (71 KB) for 1 cores
*** Operational MODE: single process ***
WSGI app 0 (mountpoint='') ready in 2 seconds on interpreter 0x55dfad6dd6b0 pid: 1119 (default app)
*** uWSGI is running in multiple interpreter mode ***
spawned uWSGI worker 1 (and the only) (pid: 1119, cores: 1)
*** Starting uWSGI 2.0.20 (64bit) on [Fri Nov  5 10:07:14 2021] ***
compiled with version: 9.3.0 on 13 October 2021 09:20:09
os: Linux-5.11.0-38-generic #42~20.04.1-Ubuntu SMP Tue Sep 28 20:41:07 UTC 2021
nodename: imwb01l20005a
machine: x86_64
clock source: unix
detected number of CPU cores: 1
current working directory: /home/alub01l20005a/webapps/now
detected binary path: /usr/local/bin/uwsgi
!!! no internal routing support, rebuild with pcre support !!!
*** WARNING: you are running uWSGI without its master process manager ***
your processes number limit is 15504
your memory page size is 4096 bytes
detected max file descriptor number: 1024
lock engine: pthread robust mutexes
thunder lock: disabled (you can enable it with --thunder-lock)
uwsgi socket 0 bound to TCP address :8081 fd 3
Python version: 3.8.10 (default, Sep 28 2021, 16:10:42)  [GCC 9.3.0]
PEP 405 virtualenv detected: /home/alub01l20005a/.local/share/virtualenvs/now-fybwlyIB
Set PythonHome to /home/alub01l20005a/.local/share/virtualenvs/now-fybwlyIB
*** Python threads support is disabled. You can enable it with --enable-threads ***
Python main interpreter initialized at 0x557fea3196b0
your server socket listen backlog is limited to 100 connections
your mercy for graceful operations on workers is 60 seconds
mapped 72904 bytes (71 KB) for 1 cores
*** Operational MODE: single process ***
WSGI app 0 (mountpoint='') ready in 3 seconds on interpreter 0x557fea3196b0 pid: 2091 (default app)
*** uWSGI is running in multiple interpreter mode ***
spawned uWSGI worker 1 (and the only) (pid: 2091, cores: 1)
*** Starting uWSGI 2.0.20 (64bit) on [Fri Nov  5 10:09:44 2021] ***
compiled with version: 9.3.0 on 13 October 2021 09:20:09
os: Linux-5.11.0-38-generic #42~20.04.1-Ubuntu SMP Tue Sep 28 20:41:07 UTC 2021
nodename: imwb01l20005a
machine: x86_64
clock source: unix
detected number of CPU cores: 1
current working directory: /home/alub01l20005a/webapps/now
detected binary path: /usr/local/bin/uwsgi
!!! no internal routing support, rebuild with pcre support !!!
*** WARNING: you are running uWSGI without its master process manager ***
your processes number limit is 15504
your memory page size is 4096 bytes
detected max file descriptor number: 1024
lock engine: pthread robust mutexes
thunder lock: disabled (you can enable it with --thunder-lock)
uwsgi socket 0 bound to TCP address :8081 fd 3
Python version: 3.8.10 (default, Sep 28 2021, 16:10:42)  [GCC 9.3.0]
PEP 405 virtualenv detected: /home/alub01l20005a/.local/share/virtualenvs/now-fybwlyIB
Set PythonHome to /home/alub01l20005a/.local/share/virtualenvs/now-fybwlyIB
*** Python threads support is disabled. You can enable it with --enable-threads ***
Python main interpreter initialized at 0x55acf35916b0
your server socket listen backlog is limited to 100 connections
your mercy for graceful operations on workers is 60 seconds
mapped 72904 bytes (71 KB) for 1 cores
*** Operational MODE: single process ***
WSGI app 0 (mountpoint='') ready in 2 seconds on interpreter 0x55acf35916b0 pid: 893 (default app)
*** uWSGI is running in multiple interpreter mode ***
spawned uWSGI worker 1 (and the only) (pid: 893, cores: 1)
*** Starting uWSGI 2.0.20 (64bit) on [Fri Nov  5 13:00:12 2021] ***
compiled with version: 9.3.0 on 13 October 2021 09:20:09
os: Linux-5.11.0-38-generic #42~20.04.1-Ubuntu SMP Tue Sep 28 20:41:07 UTC 2021
nodename: imwb01l20005a
machine: x86_64
clock source: unix
detected number of CPU cores: 1
current working directory: /home/alub01l20005a/webapps/now
detected binary path: /usr/local/bin/uwsgi
!!! no internal routing support, rebuild with pcre support !!!
*** WARNING: you are running uWSGI without its master process manager ***
your processes number limit is 15504
your memory page size is 4096 bytes
detected max file descriptor number: 1024
lock engine: pthread robust mutexes
thunder lock: disabled (you can enable it with --thunder-lock)
uwsgi socket 0 bound to TCP address :8081 fd 3
Python version: 3.8.10 (default, Sep 28 2021, 16:10:42)  [GCC 9.3.0]
PEP 405 virtualenv detected: /home/alub01l20005a/.local/share/virtualenvs/now-fybwlyIB
Set PythonHome to /home/alub01l20005a/.local/share/virtualenvs/now-fybwlyIB
*** Python threads support is disabled. You can enable it with --enable-threads ***
Python main interpreter initialized at 0x55746fd8f6b0
your server socket listen backlog is limited to 100 connections
your mercy for graceful operations on workers is 60 seconds
mapped 72904 bytes (71 KB) for 1 cores
*** Operational MODE: single process ***
WSGI app 0 (mountpoint='') ready in 0 seconds on interpreter 0x55746fd8f6b0 pid: 903 (default app)
*** uWSGI is running in multiple interpreter mode ***
spawned uWSGI worker 1 (and the only) (pid: 903, cores: 1)
*** Starting uWSGI 2.0.20 (64bit) on [Mon Nov  8 08:06:21 2021] ***
compiled with version: 9.3.0 on 13 October 2021 09:20:09
os: Linux-5.11.0-38-generic #42~20.04.1-Ubuntu SMP Tue Sep 28 20:41:07 UTC 2021
nodename: imwb01l20005a
machine: x86_64
clock source: unix
detected number of CPU cores: 1
current working directory: /home/alub01l20005a/webapps/now
detected binary path: /usr/local/bin/uwsgi
!!! no internal routing support, rebuild with pcre support !!!
*** WARNING: you are running uWSGI without its master process manager ***
your processes number limit is 15504
your memory page size is 4096 bytes
detected max file descriptor number: 1024
lock engine: pthread robust mutexes
thunder lock: disabled (you can enable it with --thunder-lock)
uwsgi socket 0 bound to TCP address :8081 fd 3
Python version: 3.8.10 (default, Sep 28 2021, 16:10:42)  [GCC 9.3.0]
PEP 405 virtualenv detected: /home/alub01l20005a/.local/share/virtualenvs/now-fybwlyIB
Set PythonHome to /home/alub01l20005a/.local/share/virtualenvs/now-fybwlyIB
*** Python threads support is disabled. You can enable it with --enable-threads ***
Python main interpreter initialized at 0x562a64aea6b0
your server socket listen backlog is limited to 100 connections
your mercy for graceful operations on workers is 60 seconds
mapped 72904 bytes (71 KB) for 1 cores
*** Operational MODE: single process ***
WSGI app 0 (mountpoint='') ready in 2 seconds on interpreter 0x562a64aea6b0 pid: 1018 (default app)
*** uWSGI is running in multiple interpreter mode ***
spawned uWSGI worker 1 (and the only) (pid: 1018, cores: 1)
*** Starting uWSGI 2.0.20 (64bit) on [Wed Nov 17 09:59:09 2021] ***
compiled with version: 9.3.0 on 13 October 2021 09:20:09
os: Linux-5.11.0-38-generic #42~20.04.1-Ubuntu SMP Tue Sep 28 20:41:07 UTC 2021
nodename: imwb01l20005a
machine: x86_64
clock source: unix
detected number of CPU cores: 1
current working directory: /home/alub01l20005a/webapps/now
detected binary path: /usr/local/bin/uwsgi
!!! no internal routing support, rebuild with pcre support !!!
*** WARNING: you are running uWSGI without its master process manager ***
your processes number limit is 15504
your memory page size is 4096 bytes
detected max file descriptor number: 1024
lock engine: pthread robust mutexes
thunder lock: disabled (you can enable it with --thunder-lock)
uwsgi socket 0 bound to TCP address :8081 fd 3
Python version: 3.8.10 (default, Sep 28 2021, 16:10:42)  [GCC 9.3.0]
PEP 405 virtualenv detected: /home/alub01l20005a/.local/share/virtualenvs/now-fybwlyIB
Set PythonHome to /home/alub01l20005a/.local/share/virtualenvs/now-fybwlyIB
*** Python threads support is disabled. You can enable it with --enable-threads ***
Python main interpreter initialized at 0x5617ea0d06b0
your server socket listen backlog is limited to 100 connections
your mercy for graceful operations on workers is 60 seconds
mapped 72904 bytes (71 KB) for 1 cores
*** Operational MODE: single process ***
WSGI app 0 (mountpoint='') ready in 4 seconds on interpreter 0x5617ea0d06b0 pid: 1114 (default app)
*** uWSGI is running in multiple interpreter mode ***
spawned uWSGI worker 1 (and the only) (pid: 1114, cores: 1)
[pid: 1114|app: 0|req: 1/1] 172.19.27.155 () {40 vars in 676 bytes} [Wed Nov 17 13:34:24 2021] GET / => generated 131 bytes in 109 msecs (HTTP/1.1 200) 2 headers in 80 bytes (1 switches on core 0)
[pid: 1114|app: 0|req: 2/2] 172.19.27.155 () {40 vars in 647 bytes} [Wed Nov 17 13:34:24 2021] GET /favicon.ico => generated 232 bytes in 0 msecs (HTTP/1.1 404) 2 headers in 87 bytes (1 switches on core 0)
*** Starting uWSGI 2.0.20 (64bit) on [Thu Nov 18 15:32:32 2021] ***
compiled with version: 9.3.0 on 13 October 2021 09:20:09
os: Linux-5.11.0-38-generic #42~20.04.1-Ubuntu SMP Tue Sep 28 20:41:07 UTC 2021
nodename: imwb01l20005a
machine: x86_64
clock source: unix
detected number of CPU cores: 1
current working directory: /home/alub01l20005a/webapps/now
detected binary path: /usr/local/bin/uwsgi
!!! no internal routing support, rebuild with pcre support !!!
*** WARNING: you are running uWSGI without its master process manager ***
your processes number limit is 15504
your memory page size is 4096 bytes
detected max file descriptor number: 1024
lock engine: pthread robust mutexes
thunder lock: disabled (you can enable it with --thunder-lock)
uwsgi socket 0 bound to TCP address :8081 fd 3
Python version: 3.8.10 (default, Sep 28 2021, 16:10:42)  [GCC 9.3.0]
PEP 405 virtualenv detected: /home/alub01l20005a/.local/share/virtualenvs/now-fybwlyIB
Set PythonHome to /home/alub01l20005a/.local/share/virtualenvs/now-fybwlyIB
*** Python threads support is disabled. You can enable it with --enable-threads ***
Python main interpreter initialized at 0x55660f9a66b0
your server socket listen backlog is limited to 100 connections
your mercy for graceful operations on workers is 60 seconds
mapped 72904 bytes (71 KB) for 1 cores
*** Operational MODE: single process ***
WSGI app 0 (mountpoint='') ready in 1 seconds on interpreter 0x55660f9a66b0 pid: 983 (default app)
*** uWSGI is running in multiple interpreter mode ***
spawned uWSGI worker 1 (and the only) (pid: 983, cores: 1)
*** Starting uWSGI 2.0.20 (64bit) on [Thu Nov 18 16:06:10 2021] ***
compiled with version: 9.3.0 on 13 October 2021 09:20:09
os: Linux-5.11.0-40-generic #44~20.04.2-Ubuntu SMP Tue Oct 26 18:07:44 UTC 2021
nodename: imwb01l20005a
machine: x86_64
clock source: unix
detected number of CPU cores: 1
current working directory: /home/alub01l20005a/webapps/now
detected binary path: /usr/local/bin/uwsgi
!!! no internal routing support, rebuild with pcre support !!!
*** WARNING: you are running uWSGI without its master process manager ***
your processes number limit is 15460
your memory page size is 4096 bytes
detected max file descriptor number: 1024
lock engine: pthread robust mutexes
thunder lock: disabled (you can enable it with --thunder-lock)
uwsgi socket 0 bound to TCP address :8081 fd 3
Python version: 3.8.10 (default, Sep 28 2021, 16:10:42)  [GCC 9.3.0]
PEP 405 virtualenv detected: /home/alub01l20005a/.local/share/virtualenvs/now-fybwlyIB
Set PythonHome to /home/alub01l20005a/.local/share/virtualenvs/now-fybwlyIB
*** Python threads support is disabled. You can enable it with --enable-threads ***
Python main interpreter initialized at 0x56132b7c96b0
your server socket listen backlog is limited to 100 connections
your mercy for graceful operations on workers is 60 seconds
mapped 72904 bytes (71 KB) for 1 cores
*** Operational MODE: single process ***
WSGI app 0 (mountpoint='') ready in 1 seconds on interpreter 0x56132b7c96b0 pid: 926 (default app)
*** uWSGI is running in multiple interpreter mode ***
spawned uWSGI worker 1 (and the only) (pid: 926, cores: 1)
*** Starting uWSGI 2.0.20 (64bit) on [Thu Nov 18 16:44:15 2021] ***
compiled with version: 9.3.0 on 13 October 2021 09:20:09
os: Linux-5.11.0-40-generic #44~20.04.2-Ubuntu SMP Tue Oct 26 18:07:44 UTC 2021
nodename: imwb01l20005a
machine: x86_64
clock source: unix
detected number of CPU cores: 1
current working directory: /home/alub01l20005a/webapps/now
detected binary path: /usr/local/bin/uwsgi
!!! no internal routing support, rebuild with pcre support !!!
*** WARNING: you are running uWSGI without its master process manager ***
your processes number limit is 15460
your memory page size is 4096 bytes
detected max file descriptor number: 1024
lock engine: pthread robust mutexes
thunder lock: disabled (you can enable it with --thunder-lock)
uwsgi socket 0 bound to TCP address :8081 fd 3
Python version: 3.8.10 (default, Sep 28 2021, 16:10:42)  [GCC 9.3.0]
PEP 405 virtualenv detected: /home/alub01l20005a/.local/share/virtualenvs/now-fybwlyIB
Set PythonHome to /home/alub01l20005a/.local/share/virtualenvs/now-fybwlyIB
*** Python threads support is disabled. You can enable it with --enable-threads ***
Python main interpreter initialized at 0x55c3417ed6b0
your server socket listen backlog is limited to 100 connections
your mercy for graceful operations on workers is 60 seconds
mapped 72904 bytes (71 KB) for 1 cores
*** Operational MODE: single process ***
WSGI app 0 (mountpoint='') ready in 1 seconds on interpreter 0x55c3417ed6b0 pid: 928 (default app)
*** uWSGI is running in multiple interpreter mode ***
spawned uWSGI worker 1 (and the only) (pid: 928, cores: 1)
*** Starting uWSGI 2.0.20 (64bit) on [Mon Nov 22 08:11:36 2021] ***
compiled with version: 9.3.0 on 13 October 2021 09:20:09
os: Linux-5.11.0-40-generic #44~20.04.2-Ubuntu SMP Tue Oct 26 18:07:44 UTC 2021
nodename: imwb01l20005a
machine: x86_64
clock source: unix
detected number of CPU cores: 1
current working directory: /home/alub01l20005a/webapps/now
detected binary path: /usr/local/bin/uwsgi
!!! no internal routing support, rebuild with pcre support !!!
*** WARNING: you are running uWSGI without its master process manager ***
your processes number limit is 15460
your memory page size is 4096 bytes
detected max file descriptor number: 1024
lock engine: pthread robust mutexes
thunder lock: disabled (you can enable it with --thunder-lock)
uwsgi socket 0 bound to TCP address :8081 fd 3
Python version: 3.8.10 (default, Sep 28 2021, 16:10:42)  [GCC 9.3.0]
PEP 405 virtualenv detected: /home/alub01l20005a/.local/share/virtualenvs/now-fybwlyIB
Set PythonHome to /home/alub01l20005a/.local/share/virtualenvs/now-fybwlyIB
*** Python threads support is disabled. You can enable it with --enable-threads ***
Python main interpreter initialized at 0x55ce4702c6b0
your server socket listen backlog is limited to 100 connections
your mercy for graceful operations on workers is 60 seconds
mapped 72904 bytes (71 KB) for 1 cores
*** Operational MODE: single process ***
WSGI app 0 (mountpoint='') ready in 2 seconds on interpreter 0x55ce4702c6b0 pid: 924 (default app)
*** uWSGI is running in multiple interpreter mode ***
spawned uWSGI worker 1 (and the only) (pid: 924, cores: 1)
*** Starting uWSGI 2.0.20 (64bit) on [Mon Nov 22 08:43:48 2021] ***
compiled with version: 9.3.0 on 13 October 2021 09:20:09
os: Linux-5.11.0-40-generic #44~20.04.2-Ubuntu SMP Tue Oct 26 18:07:44 UTC 2021
nodename: imwb01l20005a
machine: x86_64
clock source: unix
detected number of CPU cores: 1
current working directory: /home/alub01l20005a/webapps/now
detected binary path: /usr/local/bin/uwsgi
!!! no internal routing support, rebuild with pcre support !!!
*** WARNING: you are running uWSGI without its master process manager ***
your processes number limit is 15460
your memory page size is 4096 bytes
detected max file descriptor number: 1024
lock engine: pthread robust mutexes
thunder lock: disabled (you can enable it with --thunder-lock)
uwsgi socket 0 bound to TCP address :8081 fd 3
Python version: 3.8.10 (default, Sep 28 2021, 16:10:42)  [GCC 9.3.0]
PEP 405 virtualenv detected: /home/alub01l20005a/.local/share/virtualenvs/now-fybwlyIB
Set PythonHome to /home/alub01l20005a/.local/share/virtualenvs/now-fybwlyIB
*** Python threads support is disabled. You can enable it with --enable-threads ***
Python main interpreter initialized at 0x56282b7dd6b0
your server socket listen backlog is limited to 100 connections
your mercy for graceful operations on workers is 60 seconds
mapped 72904 bytes (71 KB) for 1 cores
*** Operational MODE: single process ***
WSGI app 0 (mountpoint='') ready in 2 seconds on interpreter 0x56282b7dd6b0 pid: 900 (default app)
*** uWSGI is running in multiple interpreter mode ***
spawned uWSGI worker 1 (and the only) (pid: 900, cores: 1)
*** Starting uWSGI 2.0.20 (64bit) on [Mon Nov 22 08:46:37 2021] ***
compiled with version: 9.3.0 on 13 October 2021 09:20:09
os: Linux-5.11.0-40-generic #44~20.04.2-Ubuntu SMP Tue Oct 26 18:07:44 UTC 2021
nodename: imwb01l20005a
machine: x86_64
clock source: unix
detected number of CPU cores: 1
current working directory: /home/alub01l20005a/webapps/now
detected binary path: /usr/local/bin/uwsgi
!!! no internal routing support, rebuild with pcre support !!!
*** WARNING: you are running uWSGI without its master process manager ***
your processes number limit is 15460
your memory page size is 4096 bytes
detected max file descriptor number: 1024
lock engine: pthread robust mutexes
thunder lock: disabled (you can enable it with --thunder-lock)
uwsgi socket 0 bound to TCP address :8081 fd 3
Python version: 3.8.10 (default, Sep 28 2021, 16:10:42)  [GCC 9.3.0]
PEP 405 virtualenv detected: /home/alub01l20005a/.local/share/virtualenvs/now-fybwlyIB
Set PythonHome to /home/alub01l20005a/.local/share/virtualenvs/now-fybwlyIB
*** Python threads support is disabled. You can enable it with --enable-threads ***
Python main interpreter initialized at 0x55a21a86e6b0
your server socket listen backlog is limited to 100 connections
your mercy for graceful operations on workers is 60 seconds
mapped 72904 bytes (71 KB) for 1 cores
*** Operational MODE: single process ***
WSGI app 0 (mountpoint='') ready in 1 seconds on interpreter 0x55a21a86e6b0 pid: 902 (default app)
*** uWSGI is running in multiple interpreter mode ***
spawned uWSGI worker 1 (and the only) (pid: 902, cores: 1)
*** Starting uWSGI 2.0.20 (64bit) on [Tue Nov 23 12:27:17 2021] ***
compiled with version: 9.3.0 on 13 October 2021 09:20:09
os: Linux-5.11.0-40-generic #44~20.04.2-Ubuntu SMP Tue Oct 26 18:07:44 UTC 2021
nodename: imwb01l20005a
machine: x86_64
clock source: unix
detected number of CPU cores: 1
current working directory: /home/alub01l20005a/webapps/now
detected binary path: /usr/local/bin/uwsgi
!!! no internal routing support, rebuild with pcre support !!!
*** WARNING: you are running uWSGI without its master process manager ***
your processes number limit is 15460
your memory page size is 4096 bytes
detected max file descriptor number: 1024
lock engine: pthread robust mutexes
thunder lock: disabled (you can enable it with --thunder-lock)
uwsgi socket 0 bound to TCP address :8081 fd 3
Python version: 3.8.10 (default, Sep 28 2021, 16:10:42)  [GCC 9.3.0]
PEP 405 virtualenv detected: /home/alub01l20005a/.local/share/virtualenvs/now-fybwlyIB
Set PythonHome to /home/alub01l20005a/.local/share/virtualenvs/now-fybwlyIB
*** Python threads support is disabled. You can enable it with --enable-threads ***
Python main interpreter initialized at 0x5569f8f856b0
your server socket listen backlog is limited to 100 connections
your mercy for graceful operations on workers is 60 seconds
mapped 72904 bytes (71 KB) for 1 cores
*** Operational MODE: single process ***
WSGI app 0 (mountpoint='') ready in 1 seconds on interpreter 0x5569f8f856b0 pid: 1007 (default app)
*** uWSGI is running in multiple interpreter mode ***
spawned uWSGI worker 1 (and the only) (pid: 1007, cores: 1)
*** Starting uWSGI 2.0.20 (64bit) on [Tue Nov 23 19:17:58 2021] ***
compiled with version: 9.3.0 on 13 October 2021 09:20:09
os: Linux-5.11.0-40-generic #44~20.04.2-Ubuntu SMP Tue Oct 26 18:07:44 UTC 2021
nodename: imwb01l20005a
machine: x86_64
clock source: unix
detected number of CPU cores: 1
current working directory: /home/alub01l20005a/webapps/now
detected binary path: /usr/local/bin/uwsgi
!!! no internal routing support, rebuild with pcre support !!!
*** WARNING: you are running uWSGI without its master process manager ***
your processes number limit is 15460
your memory page size is 4096 bytes
detected max file descriptor number: 1024
lock engine: pthread robust mutexes
thunder lock: disabled (you can enable it with --thunder-lock)
uwsgi socket 0 bound to TCP address :8081 fd 3
Python version: 3.8.10 (default, Sep 28 2021, 16:10:42)  [GCC 9.3.0]
PEP 405 virtualenv detected: /home/alub01l20005a/.local/share/virtualenvs/now-fybwlyIB
Set PythonHome to /home/alub01l20005a/.local/share/virtualenvs/now-fybwlyIB
*** Python threads support is disabled. You can enable it with --enable-threads ***
Python main interpreter initialized at 0x55ed0e3426b0
your server socket listen backlog is limited to 100 connections
your mercy for graceful operations on workers is 60 seconds
mapped 72904 bytes (71 KB) for 1 cores
*** Operational MODE: single process ***
WSGI app 0 (mountpoint='') ready in 1 seconds on interpreter 0x55ed0e3426b0 pid: 953 (default app)
*** uWSGI is running in multiple interpreter mode ***
spawned uWSGI worker 1 (and the only) (pid: 953, cores: 1)
*** Starting uWSGI 2.0.20 (64bit) on [Tue Nov 23 19:45:57 2021] ***
compiled with version: 9.3.0 on 13 October 2021 09:20:09
os: Linux-5.11.0-40-generic #44~20.04.2-Ubuntu SMP Tue Oct 26 18:07:44 UTC 2021
nodename: imwb01l20005a
machine: x86_64
clock source: unix
detected number of CPU cores: 1
current working directory: /home/alub01l20005a/webapps/now
detected binary path: /usr/local/bin/uwsgi
!!! no internal routing support, rebuild with pcre support !!!
*** WARNING: you are running uWSGI without its master process manager ***
your processes number limit is 15460
your memory page size is 4096 bytes
detected max file descriptor number: 1024
lock engine: pthread robust mutexes
thunder lock: disabled (you can enable it with --thunder-lock)
uwsgi socket 0 bound to TCP address :8081 fd 3
Python version: 3.8.10 (default, Sep 28 2021, 16:10:42)  [GCC 9.3.0]
PEP 405 virtualenv detected: /home/alub01l20005a/.local/share/virtualenvs/now-fybwlyIB
Set PythonHome to /home/alub01l20005a/.local/share/virtualenvs/now-fybwlyIB
*** Python threads support is disabled. You can enable it with --enable-threads ***
Python main interpreter initialized at 0x55c3ad3326b0
your server socket listen backlog is limited to 100 connections
your mercy for graceful operations on workers is 60 seconds
mapped 72904 bytes (71 KB) for 1 cores
*** Operational MODE: single process ***
WSGI app 0 (mountpoint='') ready in 2 seconds on interpreter 0x55c3ad3326b0 pid: 929 (default app)
*** uWSGI is running in multiple interpreter mode ***
spawned uWSGI worker 1 (and the only) (pid: 929, cores: 1)
*** Starting uWSGI 2.0.20 (64bit) on [Tue Nov 23 19:52:54 2021] ***
compiled with version: 9.3.0 on 13 October 2021 09:20:09
os: Linux-5.11.0-40-generic #44~20.04.2-Ubuntu SMP Tue Oct 26 18:07:44 UTC 2021
nodename: imwb01l20005a
machine: x86_64
clock source: unix
detected number of CPU cores: 1
current working directory: /home/alub01l20005a/webapps/now
detected binary path: /usr/local/bin/uwsgi
!!! no internal routing support, rebuild with pcre support !!!
*** WARNING: you are running uWSGI without its master process manager ***
your processes number limit is 15460
your memory page size is 4096 bytes
detected max file descriptor number: 1024
lock engine: pthread robust mutexes
thunder lock: disabled (you can enable it with --thunder-lock)
uwsgi socket 0 bound to TCP address :8081 fd 3
Python version: 3.8.10 (default, Sep 28 2021, 16:10:42)  [GCC 9.3.0]
PEP 405 virtualenv detected: /home/alub01l20005a/.local/share/virtualenvs/now-fybwlyIB
Set PythonHome to /home/alub01l20005a/.local/share/virtualenvs/now-fybwlyIB
*** Python threads support is disabled. You can enable it with --enable-threads ***
Python main interpreter initialized at 0x56496735d6b0
your server socket listen backlog is limited to 100 connections
your mercy for graceful operations on workers is 60 seconds
mapped 72904 bytes (71 KB) for 1 cores
*** Operational MODE: single process ***
WSGI app 0 (mountpoint='') ready in 1 seconds on interpreter 0x56496735d6b0 pid: 930 (default app)
*** uWSGI is running in multiple interpreter mode ***
spawned uWSGI worker 1 (and the only) (pid: 930, cores: 1)
*** Starting uWSGI 2.0.20 (64bit) on [Wed Nov 24 09:52:22 2021] ***
compiled with version: 9.3.0 on 13 October 2021 09:20:09
os: Linux-5.11.0-40-generic #44~20.04.2-Ubuntu SMP Tue Oct 26 18:07:44 UTC 2021
nodename: imwb01l20005a
machine: x86_64
clock source: unix
detected number of CPU cores: 1
current working directory: /home/alub01l20005a/webapps/now
detected binary path: /usr/local/bin/uwsgi
!!! no internal routing support, rebuild with pcre support !!!
*** WARNING: you are running uWSGI without its master process manager ***
your processes number limit is 15460
your memory page size is 4096 bytes
detected max file descriptor number: 1024
lock engine: pthread robust mutexes
thunder lock: disabled (you can enable it with --thunder-lock)
uwsgi socket 0 bound to TCP address :8081 fd 3
Python version: 3.8.10 (default, Sep 28 2021, 16:10:42)  [GCC 9.3.0]
PEP 405 virtualenv detected: /home/alub01l20005a/.local/share/virtualenvs/now-fybwlyIB
Set PythonHome to /home/alub01l20005a/.local/share/virtualenvs/now-fybwlyIB
*** Python threads support is disabled. You can enable it with --enable-threads ***
Python main interpreter initialized at 0x561044e3a6b0
your server socket listen backlog is limited to 100 connections
your mercy for graceful operations on workers is 60 seconds
mapped 72904 bytes (71 KB) for 1 cores
*** Operational MODE: single process ***
WSGI app 0 (mountpoint='') ready in 1 seconds on interpreter 0x561044e3a6b0 pid: 1034 (default app)
*** uWSGI is running in multiple interpreter mode ***
spawned uWSGI worker 1 (and the only) (pid: 1034, cores: 1)
[pid: 1034|app: 0|req: 1/1] 172.19.27.155 () {42 vars in 755 bytes} [Wed Nov 24 09:59:10 2021] GET / => generated 131 bytes in 94 msecs (HTTP/1.1 200) 2 headers in 80 bytes (1 switches on core 0)
[pid: 1034|app: 0|req: 2/2] 172.19.27.155 () {42 vars in 726 bytes} [Wed Nov 24 09:59:10 2021] GET /favicon.ico => generated 232 bytes in 0 msecs (HTTP/1.1 404) 2 headers in 87 bytes (1 switches on core 0)
*** Starting uWSGI 2.0.20 (64bit) on [Thu Nov 25 07:58:03 2021] ***
compiled with version: 9.3.0 on 13 October 2021 09:20:09
os: Linux-5.11.0-40-generic #44~20.04.2-Ubuntu SMP Tue Oct 26 18:07:44 UTC 2021
nodename: imwb01l20005a
machine: x86_64
clock source: unix
detected number of CPU cores: 1
current working directory: /home/alub01l20005a/webapps/now
detected binary path: /usr/local/bin/uwsgi
!!! no internal routing support, rebuild with pcre support !!!
*** WARNING: you are running uWSGI without its master process manager ***
your processes number limit is 15460
your memory page size is 4096 bytes
detected max file descriptor number: 1024
lock engine: pthread robust mutexes
thunder lock: disabled (you can enable it with --thunder-lock)
uwsgi socket 0 bound to TCP address :8081 fd 3
Python version: 3.8.10 (default, Sep 28 2021, 16:10:42)  [GCC 9.3.0]
PEP 405 virtualenv detected: /home/alub01l20005a/.local/share/virtualenvs/now-fybwlyIB
Set PythonHome to /home/alub01l20005a/.local/share/virtualenvs/now-fybwlyIB
*** Python threads support is disabled. You can enable it with --enable-threads ***
Python main interpreter initialized at 0x561f8747a6b0
your server socket listen backlog is limited to 100 connections
your mercy for graceful operations on workers is 60 seconds
mapped 72904 bytes (71 KB) for 1 cores
*** Operational MODE: single process ***
WSGI app 0 (mountpoint='') ready in 1 seconds on interpreter 0x561f8747a6b0 pid: 981 (default app)
*** uWSGI is running in multiple interpreter mode ***
spawned uWSGI worker 1 (and the only) (pid: 981, cores: 1)
*** Starting uWSGI 2.0.20 (64bit) on [Mon Nov 29 11:51:48 2021] ***
compiled with version: 9.3.0 on 13 October 2021 09:20:09
os: Linux-5.11.0-40-generic #44~20.04.2-Ubuntu SMP Tue Oct 26 18:07:44 UTC 2021
nodename: imwb01l20005a
machine: x86_64
clock source: unix
detected number of CPU cores: 1
current working directory: /home/alub01l20005a/webapps/now
detected binary path: /usr/local/bin/uwsgi
!!! no internal routing support, rebuild with pcre support !!!
*** WARNING: you are running uWSGI without its master process manager ***
your processes number limit is 15460
your memory page size is 4096 bytes
detected max file descriptor number: 1024
lock engine: pthread robust mutexes
thunder lock: disabled (you can enable it with --thunder-lock)
uwsgi socket 0 bound to TCP address :8081 fd 3
Python version: 3.8.10 (default, Sep 28 2021, 16:10:42)  [GCC 9.3.0]
PEP 405 virtualenv detected: /home/alub01l20005a/.local/share/virtualenvs/now-fybwlyIB
Set PythonHome to /home/alub01l20005a/.local/share/virtualenvs/now-fybwlyIB
*** Python threads support is disabled. You can enable it with --enable-threads ***
Python main interpreter initialized at 0x55e4e4c256b0
your server socket listen backlog is limited to 100 connections
your mercy for graceful operations on workers is 60 seconds
mapped 72904 bytes (71 KB) for 1 cores
*** Operational MODE: single process ***
WSGI app 0 (mountpoint='') ready in 7 seconds on interpreter 0x55e4e4c256b0 pid: 1025 (default app)
*** uWSGI is running in multiple interpreter mode ***
spawned uWSGI worker 1 (and the only) (pid: 1025, cores: 1)
*** Starting uWSGI 2.0.20 (64bit) on [Mon Nov 29 11:55:41 2021] ***
compiled with version: 9.3.0 on 13 October 2021 09:20:09
os: Linux-5.11.0-40-generic #44~20.04.2-Ubuntu SMP Tue Oct 26 18:07:44 UTC 2021
nodename: imwb01l20005a
machine: x86_64
clock source: unix
detected number of CPU cores: 1
current working directory: /home/alub01l20005a/webapps/now
detected binary path: /usr/local/bin/uwsgi
!!! no internal routing support, rebuild with pcre support !!!
*** WARNING: you are running uWSGI without its master process manager ***
your processes number limit is 15460
your memory page size is 4096 bytes
detected max file descriptor number: 1024
lock engine: pthread robust mutexes
thunder lock: disabled (you can enable it with --thunder-lock)
uwsgi socket 0 bound to TCP address :8081 fd 3
Python version: 3.8.10 (default, Sep 28 2021, 16:10:42)  [GCC 9.3.0]
PEP 405 virtualenv detected: /home/alub01l20005a/.local/share/virtualenvs/now-fybwlyIB
Set PythonHome to /home/alub01l20005a/.local/share/virtualenvs/now-fybwlyIB
*** Python threads support is disabled. You can enable it with --enable-threads ***
Python main interpreter initialized at 0x55922c1476b0
your server socket listen backlog is limited to 100 connections
your mercy for graceful operations on workers is 60 seconds
mapped 72904 bytes (71 KB) for 1 cores
*** Operational MODE: single process ***
WSGI app 0 (mountpoint='') ready in 10 seconds on interpreter 0x55922c1476b0 pid: 923 (default app)
*** uWSGI is running in multiple interpreter mode ***
spawned uWSGI worker 1 (and the only) (pid: 923, cores: 1)
*** Starting uWSGI 2.0.20 (64bit) on [Fri Dec  3 09:40:01 2021] ***
compiled with version: 9.3.0 on 13 October 2021 09:20:09
os: Linux-5.11.0-40-generic #44~20.04.2-Ubuntu SMP Tue Oct 26 18:07:44 UTC 2021
nodename: imwb01l20005a
machine: x86_64
clock source: unix
detected number of CPU cores: 1
current working directory: /home/alub01l20005a/webapps/now
detected binary path: /usr/local/bin/uwsgi
!!! no internal routing support, rebuild with pcre support !!!
*** WARNING: you are running uWSGI without its master process manager ***
your processes number limit is 15460
your memory page size is 4096 bytes
detected max file descriptor number: 1024
lock engine: pthread robust mutexes
thunder lock: disabled (you can enable it with --thunder-lock)
uwsgi socket 0 bound to TCP address :8081 fd 3
Python version: 3.8.10 (default, Sep 28 2021, 16:10:42)  [GCC 9.3.0]
PEP 405 virtualenv detected: /home/alub01l20005a/.local/share/virtualenvs/now-fybwlyIB
Set PythonHome to /home/alub01l20005a/.local/share/virtualenvs/now-fybwlyIB
*** Python threads support is disabled. You can enable it with --enable-threads ***
Python main interpreter initialized at 0x56051523c6b0
your server socket listen backlog is limited to 100 connections
your mercy for graceful operations on workers is 60 seconds
mapped 72904 bytes (71 KB) for 1 cores
*** Operational MODE: single process ***
WSGI app 0 (mountpoint='') ready in 2 seconds on interpreter 0x56051523c6b0 pid: 1045 (default app)
*** uWSGI is running in multiple interpreter mode ***
spawned uWSGI worker 1 (and the only) (pid: 1045, cores: 1)
[pid: 1045|app: 0|req: 1/1] 172.19.27.155 () {42 vars in 722 bytes} [Fri Dec  3 09:46:01 2021] GET / => generated 131 bytes in 115 msecs (HTTP/1.1 200) 2 headers in 80 bytes (1 switches on core 0)
[pid: 1045|app: 0|req: 2/2] 172.19.27.155 () {42 vars in 693 bytes} [Fri Dec  3 09:46:01 2021] GET /favicon.ico => generated 232 bytes in 0 msecs (HTTP/1.1 404) 2 headers in 87 bytes (1 switches on core 0)
*** Starting uWSGI 2.0.20 (64bit) on [Fri Dec  3 09:50:16 2021] ***
compiled with version: 9.3.0 on 13 October 2021 09:20:09
os: Linux-5.11.0-40-generic #44~20.04.2-Ubuntu SMP Tue Oct 26 18:07:44 UTC 2021
nodename: imwb01l20005a
machine: x86_64
clock source: unix
detected number of CPU cores: 1
current working directory: /home/alub01l20005a/webapps/now
detected binary path: /usr/local/bin/uwsgi
!!! no internal routing support, rebuild with pcre support !!!
*** WARNING: you are running uWSGI without its master process manager ***
your processes number limit is 15460
your memory page size is 4096 bytes
detected max file descriptor number: 1024
lock engine: pthread robust mutexes
thunder lock: disabled (you can enable it with --thunder-lock)
uwsgi socket 0 bound to TCP address :8081 fd 3
Python version: 3.8.10 (default, Sep 28 2021, 16:10:42)  [GCC 9.3.0]
PEP 405 virtualenv detected: /home/alub01l20005a/.local/share/virtualenvs/now-fybwlyIB
Set PythonHome to /home/alub01l20005a/.local/share/virtualenvs/now-fybwlyIB
*** Python threads support is disabled. You can enable it with --enable-threads ***
Python main interpreter initialized at 0x56377b8ac6b0
your server socket listen backlog is limited to 100 connections
your mercy for graceful operations on workers is 60 seconds
mapped 72904 bytes (71 KB) for 1 cores
*** Operational MODE: single process ***
WSGI app 0 (mountpoint='') ready in 0 seconds on interpreter 0x56377b8ac6b0 pid: 3182 (default app)
*** uWSGI is running in multiple interpreter mode ***
spawned uWSGI worker 1 (and the only) (pid: 3182, cores: 1)
*** Starting uWSGI 2.0.20 (64bit) on [Fri Jan 14 12:00:30 2022] ***
compiled with version: 9.3.0 on 13 October 2021 09:20:09
os: Linux-5.11.0-40-generic #44~20.04.2-Ubuntu SMP Tue Oct 26 18:07:44 UTC 2021
nodename: imwb01l20005a
machine: x86_64
clock source: unix
detected number of CPU cores: 1
current working directory: /home/alub01l20005a/webapps/now
detected binary path: /usr/local/bin/uwsgi
!!! no internal routing support, rebuild with pcre support !!!
*** WARNING: you are running uWSGI without its master process manager ***
your processes number limit is 15460
your memory page size is 4096 bytes
detected max file descriptor number: 1024
lock engine: pthread robust mutexes
thunder lock: disabled (you can enable it with --thunder-lock)
uwsgi socket 0 bound to TCP address :8081 fd 3
Python version: 3.8.10 (default, Sep 28 2021, 16:10:42)  [GCC 9.3.0]
PEP 405 virtualenv detected: /home/alub01l20005a/.local/share/virtualenvs/now-fybwlyIB
Set PythonHome to /home/alub01l20005a/.local/share/virtualenvs/now-fybwlyIB
*** Python threads support is disabled. You can enable it with --enable-threads ***
Python main interpreter initialized at 0x557dc18306b0
your server socket listen backlog is limited to 100 connections
your mercy for graceful operations on workers is 60 seconds
mapped 72904 bytes (71 KB) for 1 cores
*** Operational MODE: single process ***
WSGI app 0 (mountpoint='') ready in 18 seconds on interpreter 0x557dc18306b0 pid: 1337 (default app)
*** uWSGI is running in multiple interpreter mode ***
spawned uWSGI worker 1 (and the only) (pid: 1337, cores: 1)
*** Starting uWSGI 2.0.20 (64bit) on [Fri Jan 14 12:02:44 2022] ***
compiled with version: 9.3.0 on 13 October 2021 09:20:09
os: Linux-5.11.0-40-generic #44~20.04.2-Ubuntu SMP Tue Oct 26 18:07:44 UTC 2021
nodename: imwb01l20005a
machine: x86_64
clock source: unix
detected number of CPU cores: 1
current working directory: /home/alub01l20005a/webapps/now
detected binary path: /usr/local/bin/uwsgi
!!! no internal routing support, rebuild with pcre support !!!
*** WARNING: you are running uWSGI without its master process manager ***
your processes number limit is 15460
your memory page size is 4096 bytes
detected max file descriptor number: 1024
lock engine: pthread robust mutexes
thunder lock: disabled (you can enable it with --thunder-lock)
uwsgi socket 0 bound to TCP address :8081 fd 3
Python version: 3.8.10 (default, Sep 28 2021, 16:10:42)  [GCC 9.3.0]
PEP 405 virtualenv detected: /home/alub01l20005a/.local/share/virtualenvs/now-fybwlyIB
Set PythonHome to /home/alub01l20005a/.local/share/virtualenvs/now-fybwlyIB
*** Python threads support is disabled. You can enable it with --enable-threads ***
Python main interpreter initialized at 0x55fff3e226b0
your server socket listen backlog is limited to 100 connections
your mercy for graceful operations on workers is 60 seconds
mapped 72904 bytes (71 KB) for 1 cores
*** Operational MODE: single process ***
WSGI app 0 (mountpoint='') ready in 1 seconds on interpreter 0x55fff3e226b0 pid: 894 (default app)
*** uWSGI is running in multiple interpreter mode ***
spawned uWSGI worker 1 (and the only) (pid: 894, cores: 1)
*** Starting uWSGI 2.0.20 (64bit) on [Thu Feb  3 11:03:45 2022] ***
compiled with version: 9.3.0 on 13 October 2021 09:20:09
os: Linux-5.11.0-40-generic #44~20.04.2-Ubuntu SMP Tue Oct 26 18:07:44 UTC 2021
nodename: imwb01l20005a
machine: x86_64
clock source: unix
detected number of CPU cores: 1
current working directory: /home/alub01l20005a/webapps/now
detected binary path: /usr/local/bin/uwsgi
!!! no internal routing support, rebuild with pcre support !!!
*** WARNING: you are running uWSGI without its master process manager ***
your processes number limit is 15460
your memory page size is 4096 bytes
detected max file descriptor number: 1024
lock engine: pthread robust mutexes
thunder lock: disabled (you can enable it with --thunder-lock)
uwsgi socket 0 bound to TCP address :8081 fd 3
Python version: 3.8.10 (default, Sep 28 2021, 16:10:42)  [GCC 9.3.0]
PEP 405 virtualenv detected: /home/alub01l20005a/.local/share/virtualenvs/now-fybwlyIB
Set PythonHome to /home/alub01l20005a/.local/share/virtualenvs/now-fybwlyIB
*** Python threads support is disabled. You can enable it with --enable-threads ***
Python main interpreter initialized at 0x55d4f47296b0
your server socket listen backlog is limited to 100 connections
your mercy for graceful operations on workers is 60 seconds
mapped 72904 bytes (71 KB) for 1 cores
*** Operational MODE: single process ***
WSGI app 0 (mountpoint='') ready in 2 seconds on interpreter 0x55d4f47296b0 pid: 1030 (default app)
*** uWSGI is running in multiple interpreter mode ***
spawned uWSGI worker 1 (and the only) (pid: 1030, cores: 1)
*** Starting uWSGI 2.0.20 (64bit) on [Fri Feb  4 08:06:06 2022] ***
compiled with version: 9.3.0 on 13 October 2021 09:20:09
os: Linux-5.11.0-40-generic #44~20.04.2-Ubuntu SMP Tue Oct 26 18:07:44 UTC 2021
nodename: imwb01l20005a
machine: x86_64
clock source: unix
detected number of CPU cores: 1
current working directory: /home/alub01l20005a/webapps/now
detected binary path: /usr/local/bin/uwsgi
!!! no internal routing support, rebuild with pcre support !!!
*** WARNING: you are running uWSGI without its master process manager ***
your processes number limit is 15460
your memory page size is 4096 bytes
detected max file descriptor number: 1024
lock engine: pthread robust mutexes
thunder lock: disabled (you can enable it with --thunder-lock)
uwsgi socket 0 bound to TCP address :8081 fd 3
Python version: 3.8.10 (default, Sep 28 2021, 16:10:42)  [GCC 9.3.0]
PEP 405 virtualenv detected: /home/alub01l20005a/.local/share/virtualenvs/now-fybwlyIB
Set PythonHome to /home/alub01l20005a/.local/share/virtualenvs/now-fybwlyIB
*** Python threads support is disabled. You can enable it with --enable-threads ***
Python main interpreter initialized at 0x55d517a8d6b0
your server socket listen backlog is limited to 100 connections
your mercy for graceful operations on workers is 60 seconds
mapped 72904 bytes (71 KB) for 1 cores
*** Operational MODE: single process ***
WSGI app 0 (mountpoint='') ready in 1 seconds on interpreter 0x55d517a8d6b0 pid: 1020 (default app)
*** uWSGI is running in multiple interpreter mode ***
spawned uWSGI worker 1 (and the only) (pid: 1020, cores: 1)
